<?xml version="1.0" encoding="UTF-8"?>
<!-- Generated by org.testng.reporters.JUnitXMLReporter -->
<testsuite hostname="DESKTOP-UG71NEM" ignored="0" name="Default test" tests="6" failures="0" timestamp="2023-09-12T11:37:22 IST" time="23.169" errors="0">
  <testcase name="multiplePOSTRequest" time="8.636" classname="api.test.DATTestCase"/>
  <testcase name="multiplePOSTRequest" time="1.937" classname="api.test.DATTestCase"/>
  <testcase name="multiplePOSTRequest" time="1.907" classname="api.test.DATTestCase"/>
  <testcase name="testDeleteUserByName" time="2.594" classname="api.test.DATTestCase"/>
  <testcase name="testDeleteUserByName" time="1.75" classname="api.test.DATTestCase"/>
  <testcase name="testDeleteUserByName" time="1.875" classname="api.test.DATTestCase"/>
</testsuite> <!-- Default test -->
