<?xml version="1.0" encoding="UTF-8"?>
<!-- Generated by org.testng.reporters.JUnitXMLReporter -->
<testsuite hostname="DESKTOP-UG71NEM" ignored="0" name="Test" tests="4" failures="0" timestamp="2023-09-13T19:36:54 IST" time="40.663" errors="0">
  <testcase name="testPostUser" time="9.514" classname="api.test.UserTest"/>
  <testcase name="testGETUserByName" time="2.084" classname="api.test.UserTest"/>
  <testcase name="testPUTUserByName" time="10.107" classname="api.test.UserTest"/>
  <testcase name="testDeleteUserByName" time="2.128" classname="api.test.UserTest"/>
</testsuite> <!-- Test -->
