<?xml version="1.0" encoding="UTF-8"?>
<!-- Generated by org.testng.reporters.JUnitXMLReporter -->
<testsuite ignored="0" hostname="DESKTOP-UG71NEM" failures="0" tests="4" name="Test" time="38.562" errors="0" timestamp="2023-09-14T07:58:51 IST">
  <testcase classname="api.test.UserTest" name="testPostUser" time="8.935"/>
  <testcase classname="api.test.UserTest" name="testGETUserByName" time="2.247"/>
  <testcase classname="api.test.UserTest" name="testPUTUserByName" time="9.557"/>
  <testcase classname="api.test.UserTest" name="testDeleteUserByName" time="2.071"/>
</testsuite> <!-- Test -->
