<?xml version="1.0" encoding="UTF-8"?>
<testng-results skipped="0" failed="0" ignored="0" total="4" passed="4">
  <reporter-output>
  </reporter-output>
  <suite name="Suite" duration-ms="40663" started-at="2023-09-13T19:36:13 IST" finished-at="2023-09-13T19:36:54 IST">
    <groups>
    </groups>
    <test name="Test" duration-ms="40663" started-at="2023-09-13T19:36:13 IST" finished-at="2023-09-13T19:36:54 IST">
      <class name="api.test.UserTest">
        <test-method status="PASS" signature="setupData()[pri:0, instance:api.test.UserTest@7a36aefa]" name="setupData" is-config="true" duration-ms="15168" started-at="2023-09-13T19:36:15 IST" finished-at="2023-09-13T19:36:30 IST">
          <reporter-output>
          </reporter-output>
        </test-method> <!-- setupData -->
        <test-method status="PASS" signature="testPostUser()[pri:1, instance:api.test.UserTest@7a36aefa]" name="testPostUser" duration-ms="9514" started-at="2023-09-13T19:36:30 IST" finished-at="2023-09-13T19:36:39 IST">
          <reporter-output>
          </reporter-output>
        </test-method> <!-- testPostUser -->
        <test-method status="PASS" signature="testGETUserByName()[pri:2, instance:api.test.UserTest@7a36aefa]" name="testGETUserByName" duration-ms="2084" started-at="2023-09-13T19:36:39 IST" finished-at="2023-09-13T19:36:42 IST">
          <reporter-output>
          </reporter-output>
        </test-method> <!-- testGETUserByName -->
        <test-method status="PASS" signature="testPUTUserByName()[pri:3, instance:api.test.UserTest@7a36aefa]" name="testPUTUserByName" duration-ms="10107" started-at="2023-09-13T19:36:42 IST" finished-at="2023-09-13T19:36:52 IST">
          <reporter-output>
          </reporter-output>
        </test-method> <!-- testPUTUserByName -->
        <test-method status="PASS" signature="testDeleteUserByName()[pri:4, instance:api.test.UserTest@7a36aefa]" name="testDeleteUserByName" duration-ms="2128" started-at="2023-09-13T19:36:52 IST" finished-at="2023-09-13T19:36:54 IST">
          <reporter-output>
          </reporter-output>
        </test-method> <!-- testDeleteUserByName -->
      </class> <!-- api.test.UserTest -->
    </test> <!-- Test -->
  </suite> <!-- Suite -->
</testng-results>
